#
# There is insufficient memory for the Java Runtime Environment to continue.
# Native memory allocation (mmap) failed to map 42991616 bytes for G1 virtual space
# Possible reasons:
#   The system is out of physical RAM or swap space
#   The process is running with CompressedOops enabled, and the Java Heap may be blocking the growth of the native heap
# Possible solutions:
#   Reduce memory load on the system
#   Increase physical memory or swap space
#   Check if swap backing store is full
#   Decrease Java heap size (-Xmx/-Xms)
#   Decrease number of Java threads
#   Decrease Java thread stack sizes (-Xss)
#   Set larger code cache with -XX:ReservedCodeCacheSize=
#   JVM is running with Unscaled Compressed Oops mode in which the Java heap is
#     placed in the first 4GB address space. The Java Heap base address is the
#     maximum limit for the native heap growth. Please use -XX:HeapBaseMinAddress
#     to set the Java Heap base and to place the Java Heap above 4GB virtual address.
# This output file may be truncated or incomplete.
#
#  Out of Memory Error (os_windows.cpp:3530), pid=25128, tid=3904
#
# JRE version: Java(TM) SE Runtime Environment (18.0.2.1+1) (build 18.0.2.1+1-1)
# Java VM: Java HotSpot(TM) 64-Bit Server VM (18.0.2.1+1-1, mixed mode, emulated-client, sharing, tiered, compressed oops, compressed class ptrs, g1 gc, windows-amd64)
# No core dump will be written. Minidumps are not enabled by default on client versions of Windows
#

---------------  S U M M A R Y ------------

Command Line: -XX:TieredStopAtLevel=1 -Dspring.output.ansi.enabled=always -Dcom.sun.management.jmxremote -Dspring.jmx.enabled=true -Dspring.liveBeansView.mbeanDomain -Dspring.application.admin.enabled=true -Dmanagement.endpoints.jmx.exposure.include=* -javaagent:C:\Program Files\JetBrains\IntelliJ IDEA 2023.3.2\lib\idea_rt.jar=54088:C:\Program Files\JetBrains\IntelliJ IDEA 2023.3.2\bin -Dfile.encoding=UTF-8 -Dsun.stdout.encoding=UTF-8 -Dsun.stderr.encoding=UTF-8 com.example.ProductServiceApplication

Host: 11th Gen Intel(R) Core(TM) i5-1155G7 @ 2.50GHz, 8 cores, 7G,  Windows 11 , 64 bit Build 22621 (10.0.22621.5415)
Time: Fri Jul 11 00:56:24 2025 India Standard Time elapsed time: 3.815956 seconds (0d 0h 0m 3s)

---------------  T H R E A D  ---------------

Current thread (0x0000028a641f35c0):  VMThread "VM Thread" [stack: 0x000000b09f200000,0x000000b09f300000] [id=3904]

Stack: [0x000000b09f200000,0x000000b09f300000]
Native frames: (J=compiled Java code, j=interpreted, Vv=VM code, C=native code)
V  [jvm.dll+0x6993aa]
V  [jvm.dll+0x7f46dd]
V  [jvm.dll+0x7f5fee]
V  [jvm.dll+0x7f66a3]
V  [jvm.dll+0x25cf1f]
V  [jvm.dll+0x6962f9]
V  [jvm.dll+0x68ae2a]
V  [jvm.dll+0x32255b]
V  [jvm.dll+0x329f36]
V  [jvm.dll+0x37eade]
V  [jvm.dll+0x37ed0f]
V  [jvm.dll+0x2fa2da]
V  [jvm.dll+0x2fa387]
V  [jvm.dll+0x33e8c2]
V  [jvm.dll+0x33ce64]
V  [jvm.dll+0x2f9ab0]
V  [jvm.dll+0x33c43b]
V  [jvm.dll+0x7fb48b]
V  [jvm.dll+0x7fc224]
V  [jvm.dll+0x7fc75c]
V  [jvm.dll+0x7fcbb4]
V  [jvm.dll+0x7fcc77]
V  [jvm.dll+0x7a120a]
V  [jvm.dll+0x698255]
C  [ucrtbase.dll+0x29333]
C  [KERNEL32.DLL+0x1259d]
C  [ntdll.dll+0x5af78]

VM_Operation (0x000000b09ecf9260): G1CollectForAllocation, mode: safepoint, requested by thread 0x0000028a64178890


---------------  P R O C E S S  ---------------

Threads class SMR info:
_java_thread_list=0x0000028a7bae3f90, length=21, elements={
0x0000028a64178890, 0x0000028a75e73ad0, 0x0000028a75e74470, 0x0000028a75e90150,
0x0000028a75e90af0, 0x0000028a75e91490, 0x0000028a75e93e40, 0x0000028a75e9c7f0,
0x0000028a75e9e1e0, 0x0000028a75e603d0, 0x0000028a7a182fa0, 0x0000028a7a1839c0,
0x0000028a7a6c3d60, 0x0000028a7a6c4220, 0x0000028a7a7d61f0, 0x0000028a7a185310,
0x0000028a7b24a7c0, 0x0000028a7b2530f0, 0x0000028a7b8fa950, 0x0000028a7b8f7e00,
0x0000028a7b8f9140
}

Java Threads: ( => current thread )
  0x0000028a64178890 JavaThread "main" [_thread_blocked, id=300, stack(0x000000b09ec00000,0x000000b09ed00000)]
  0x0000028a75e73ad0 JavaThread "Reference Handler" daemon [_thread_blocked, id=19496, stack(0x000000b09f300000,0x000000b09f400000)]
  0x0000028a75e74470 JavaThread "Finalizer" daemon [_thread_blocked, id=2040, stack(0x000000b09f400000,0x000000b09f500000)]
  0x0000028a75e90150 JavaThread "Signal Dispatcher" daemon [_thread_blocked, id=25480, stack(0x000000b09f500000,0x000000b09f600000)]
  0x0000028a75e90af0 JavaThread "Attach Listener" daemon [_thread_blocked, id=11692, stack(0x000000b09f600000,0x000000b09f700000)]
  0x0000028a75e91490 JavaThread "Service Thread" daemon [_thread_blocked, id=13484, stack(0x000000b09f700000,0x000000b09f800000)]
  0x0000028a75e93e40 JavaThread "Monitor Deflation Thread" daemon [_thread_blocked, id=23948, stack(0x000000b09f800000,0x000000b09f900000)]
  0x0000028a75e9c7f0 JavaThread "C1 CompilerThread0" daemon [_thread_blocked, id=21240, stack(0x000000b09f900000,0x000000b09fa00000)]
  0x0000028a75e9e1e0 JavaThread "Sweeper thread" daemon [_thread_blocked, id=5836, stack(0x000000b09fa00000,0x000000b09fb00000)]
  0x0000028a75e603d0 JavaThread "Common-Cleaner" daemon [_thread_blocked, id=18388, stack(0x000000b09fb00000,0x000000b09fc00000)]
  0x0000028a7a182fa0 JavaThread "C1 CompilerThread1" daemon [_thread_blocked, id=22996, stack(0x000000b09fc00000,0x000000b09fd00000)]
  0x0000028a7a1839c0 JavaThread "C1 CompilerThread2" daemon [_thread_blocked, id=14756, stack(0x000000b09fd00000,0x000000b09fe00000)]
  0x0000028a7a6c3d60 JavaThread "Monitor Ctrl-Break" daemon [_thread_in_native, id=17992, stack(0x000000b09fe00000,0x000000b09ff00000)]
  0x0000028a7a6c4220 JavaThread "Notification Thread" daemon [_thread_blocked, id=23100, stack(0x000000b09ff00000,0x000000b0a0000000)]
  0x0000028a7a7d61f0 JavaThread "RMI TCP Accept-0" daemon [_thread_in_native, id=7128, stack(0x000000b0a0000000,0x000000b0a0100000)]
  0x0000028a7a185310 JavaThread "C1 CompilerThread3" daemon [_thread_blocked, id=25280, stack(0x000000b0a0c00000,0x000000b0a0d00000)]
  0x0000028a7b24a7c0 JavaThread "RMI TCP Connection(1)-192.168.1.19" daemon [_thread_in_native, id=20892, stack(0x000000b0a0d00000,0x000000b0a0e00000)]
  0x0000028a7b2530f0 JavaThread "RMI Scheduler(0)" daemon [_thread_blocked, id=12848, stack(0x000000b0a0e00000,0x000000b0a0f00000)]
  0x0000028a7b8fa950 JavaThread "Catalina-utility-1" [_thread_blocked, id=24868, stack(0x000000b0a1100000,0x000000b0a1200000)]
  0x0000028a7b8f7e00 JavaThread "Catalina-utility-2" [_thread_blocked, id=6080, stack(0x000000b0a1200000,0x000000b0a1300000)]
  0x0000028a7b8f9140 JavaThread "container-0" [_thread_blocked, id=25236, stack(0x000000b0a1300000,0x000000b0a1400000)]

Other Threads:
=>0x0000028a641f35c0 VMThread "VM Thread" [stack: 0x000000b09f200000,0x000000b09f300000] [id=3904]
  0x0000028a7a901250 WatcherThread "VM Periodic Task Thread" [stack: 0x000000b0a0100000,0x000000b0a0200000] [id=24968]
  0x0000028a641d7220 WorkerThread "GC Thread#0" [stack: 0x000000b09ed00000,0x000000b09ee00000] [id=7116]
  0x0000028a7aa10fb0 WorkerThread "GC Thread#1" [stack: 0x000000b0a0200000,0x000000b0a0300000] [id=11832]
  0x0000028a7a95feb0 WorkerThread "GC Thread#2" [stack: 0x000000b0a0300000,0x000000b0a0400000] [id=17976]
  0x0000028a7a960150 WorkerThread "GC Thread#3" [stack: 0x000000b0a0400000,0x000000b0a0500000] [id=940]
  0x0000028a7aa3c730 WorkerThread "GC Thread#4" [stack: 0x000000b0a0500000,0x000000b0a0600000] [id=4160]
  0x0000028a7aa3cde0 WorkerThread "GC Thread#5" [stack: 0x000000b0a0600000,0x000000b0a0700000] [id=23432]
  0x0000028a7aa3d080 WorkerThread "GC Thread#6" [stack: 0x000000b0a0700000,0x000000b0a0800000] [id=21220]
  0x0000028a7b26e490 WorkerThread "GC Thread#7" [stack: 0x000000b0a1000000,0x000000b0a1100000] [id=436]
  0x0000028a641e8660 ConcurrentGCThread "G1 Main Marker" [stack: 0x000000b09ee00000,0x000000b09ef00000] [id=17072]
  0x0000028a641e9050 WorkerThread "G1 Conc#0" [stack: 0x000000b09ef00000,0x000000b09f000000] [id=24596]
  0x0000028a7b6927d0 WorkerThread "G1 Conc#1" [stack: 0x000000b0a0f00000,0x000000b0a1000000] [id=25020]
  0x0000028a6421e4d0 ConcurrentGCThread "G1 Refine#0" [stack: 0x000000b09f000000,0x000000b09f100000] [id=23936]
  0x0000028a7a1e7ef0 ConcurrentGCThread "G1 Refine#1" [stack: 0x000000b0a0800000,0x000000b0a0900000] [id=23940]
  0x0000028a7a1e8640 ConcurrentGCThread "G1 Refine#2" [stack: 0x000000b0a0900000,0x000000b0a0a00000] [id=17844]
  0x0000028a7a711170 ConcurrentGCThread "G1 Refine#3" [stack: 0x000000b0a0a00000,0x000000b0a0b00000] [id=22920]
  0x0000028a7a7118c0 ConcurrentGCThread "G1 Refine#4" [stack: 0x000000b0a0b00000,0x000000b0a0c00000] [id=24708]
  0x0000028a75d2d150 ConcurrentGCThread "G1 Service" [stack: 0x000000b09f100000,0x000000b09f200000] [id=21800]

Threads with active compile tasks:

VM state: at safepoint (normal execution)

VM Mutex/Monitor currently owned by a thread:  ([mutex/lock_event])
[0x0000028a64172a20] Threads_lock - owner thread: 0x0000028a641f35c0
[0x0000028a64173680] Heap_lock - owner thread: 0x0000028a64178890

Heap address: 0x0000000085800000, size: 1960 MB, Compressed Oops mode: 32-bit

CDS archive(s) mapped at: [0x0000000800000000-0x0000000800ba0000-0x0000000800ba0000), size 12189696, SharedBaseAddress: 0x0000000800000000, ArchiveRelocationMode: 0.
Compressed class space mapped at: 0x0000000800c00000-0x0000000840c00000, reserved size: 1073741824
Narrow klass base: 0x0000000800000000, Narrow klass shift: 0, Narrow klass range: 0x100000000

GC Precious Log:
 CardTable entry size: 512
 Card Set container configuration: InlinePtr #cards 5 size 8 Array Of Cards #cards 12 size 40 Howl #buckets 4 coarsen threshold 1843 Howl Bitmap #cards 512 size 80 coarsen threshold 460 Card regions per heap region 1 cards per card region 2048
 CPUs: 8 total, 8 available
 Memory: 7834M
 Large Page Support: Disabled
 NUMA Support: Disabled
 Compressed Oops: Enabled (32-bit)
 Heap Region Size: 1M
 Heap Min Capacity: 8M
 Heap Initial Capacity: 124M
 Heap Max Capacity: 1960M
 Pre-touch: Disabled
 Parallel Workers: 8
 Concurrent Workers: 2
 Concurrent Refinement Workers: 8
 Periodic GC: Disabled

Heap:
 garbage-first heap   total 126976K, used 26825K [0x0000000085800000, 0x0000000100000000)
  region size 1024K, 4 young (4096K), 4 survivors (4096K)
 Metaspace       used 31852K, committed 32448K, reserved 1114112K
  class space    used 4437K, committed 4736K, reserved 1048576K

Heap Regions: E=young(eden), S=young(survivor), O=old, HS=humongous(starts), HC=humongous(continues), CS=collection set, F=free, OA=open archive, CA=closed archive, TAMS=top-at-mark-start (previous, next)
|   0|0x0000000085800000, 0x0000000085900000, 0x0000000085900000|100%|HS|  |TAMS 0x0000000085900000, 0x0000000085800000| Complete 
|   1|0x0000000085900000, 0x0000000085a00000, 0x0000000085a00000|100%|HS|  |TAMS 0x0000000085a00000, 0x0000000085900000| Complete 
|   2|0x0000000085a00000, 0x0000000085b00000, 0x0000000085b00000|100%|HS|  |TAMS 0x0000000085b00000, 0x0000000085a00000| Complete 
|   3|0x0000000085b00000, 0x0000000085c00000, 0x0000000085c00000|100%| O|  |TAMS 0x0000000085b00000, 0x0000000085b00000| Untracked 
|   4|0x0000000085c00000, 0x0000000085d00000, 0x0000000085d00000|100%| O|  |TAMS 0x0000000085c00000, 0x0000000085c00000| Untracked 
|   5|0x0000000085d00000, 0x0000000085e00000, 0x0000000085e00000|100%| O|  |TAMS 0x0000000085e00000, 0x0000000085d00000| Untracked 
|   6|0x0000000085e00000, 0x0000000085f00000, 0x0000000085f00000|100%| O|  |TAMS 0x0000000085f00000, 0x0000000085e00000| Untracked 
|   7|0x0000000085f00000, 0x0000000086000000, 0x0000000086000000|100%| O|  |TAMS 0x0000000086000000, 0x0000000085f00000| Untracked 
|   8|0x0000000086000000, 0x0000000086100000, 0x0000000086100000|100%| O|  |TAMS 0x0000000086100000, 0x0000000086000000| Untracked 
|   9|0x0000000086100000, 0x0000000086200000, 0x0000000086200000|100%| O|  |TAMS 0x0000000086200000, 0x0000000086100000| Untracked 
|  10|0x0000000086200000, 0x0000000086300000, 0x0000000086300000|100%| O|  |TAMS 0x0000000086300000, 0x0000000086200000| Untracked 
|  11|0x0000000086300000, 0x0000000086400000, 0x0000000086400000|100%| O|  |TAMS 0x0000000086300000, 0x0000000086300000| Untracked 
|  12|0x0000000086400000, 0x0000000086500000, 0x0000000086500000|100%|HS|  |TAMS 0x0000000086500000, 0x0000000086400000| Complete 
|  13|0x0000000086500000, 0x0000000086600000, 0x0000000086600000|100%| O|  |TAMS 0x0000000086600000, 0x0000000086500000| Untracked 
|  14|0x0000000086600000, 0x0000000086700000, 0x0000000086700000|100%| O|  |TAMS 0x0000000086700000, 0x0000000086600000| Untracked 
|  15|0x0000000086700000, 0x0000000086800000, 0x0000000086800000|100%| O|  |TAMS 0x0000000086800000, 0x0000000086700000| Untracked 
|  16|0x0000000086800000, 0x0000000086800000, 0x0000000086900000|  0%| F|  |TAMS 0x0000000086800000, 0x0000000086800000| Untracked 
|  17|0x0000000086900000, 0x0000000086a00000, 0x0000000086a00000|100%| O|  |TAMS 0x0000000086900000, 0x0000000086900000| Untracked 
|  18|0x0000000086a00000, 0x0000000086b00000, 0x0000000086b00000|100%| O|  |TAMS 0x0000000086a00000, 0x0000000086a00000| Untracked 
|  19|0x0000000086b00000, 0x0000000086c00000, 0x0000000086c00000|100%| O|  |TAMS 0x0000000086b00000, 0x0000000086b00000| Untracked 
|  20|0x0000000086c00000, 0x0000000086d00000, 0x0000000086d00000|100%| O|  |TAMS 0x0000000086c00000, 0x0000000086c00000| Untracked 
|  21|0x0000000086d00000, 0x0000000086e00000, 0x0000000086e00000|100%| O|  |TAMS 0x0000000086d00000, 0x0000000086d00000| Untracked 
|  22|0x0000000086e00000, 0x0000000086f00000, 0x0000000086f00000|100%| O|  |TAMS 0x0000000086e00000, 0x0000000086e00000| Untracked 
|  23|0x0000000086f00000, 0x0000000086fadc00, 0x0000000087000000| 67%| O|  |TAMS 0x0000000086f00000, 0x0000000086f00000| Untracked 
|  24|0x0000000087000000, 0x0000000087000000, 0x0000000087100000|  0%| F|  |TAMS 0x0000000087000000, 0x0000000087000000| Untracked 
|  25|0x0000000087100000, 0x0000000087100000, 0x0000000087200000|  0%| F|  |TAMS 0x0000000087100000, 0x0000000087100000| Untracked 
|  26|0x0000000087200000, 0x0000000087200000, 0x0000000087300000|  0%| F|  |TAMS 0x0000000087200000, 0x0000000087200000| Untracked 
|  27|0x0000000087300000, 0x0000000087300000, 0x0000000087400000|  0%| F|  |TAMS 0x0000000087300000, 0x0000000087300000| Untracked 
|  28|0x0000000087400000, 0x0000000087400000, 0x0000000087500000|  0%| F|  |TAMS 0x0000000087400000, 0x0000000087400000| Untracked 
|  29|0x0000000087500000, 0x0000000087500000, 0x0000000087600000|  0%| F|  |TAMS 0x0000000087500000, 0x0000000087500000| Untracked 
|  30|0x0000000087600000, 0x0000000087600000, 0x0000000087700000|  0%| F|  |TAMS 0x0000000087600000, 0x0000000087600000| Untracked 
|  31|0x0000000087700000, 0x0000000087700000, 0x0000000087800000|  0%| F|  |TAMS 0x0000000087700000, 0x0000000087700000| Untracked 
|  32|0x0000000087800000, 0x0000000087800000, 0x0000000087900000|  0%| F|  |TAMS 0x0000000087800000, 0x0000000087800000| Untracked 
|  33|0x0000000087900000, 0x0000000087900000, 0x0000000087a00000|  0%| F|  |TAMS 0x0000000087900000, 0x0000000087900000| Untracked 
|  34|0x0000000087a00000, 0x0000000087a00000, 0x0000000087b00000|  0%| F|  |TAMS 0x0000000087a00000, 0x0000000087a00000| Untracked 
|  35|0x0000000087b00000, 0x0000000087b00000, 0x0000000087c00000|  0%| F|  |TAMS 0x0000000087b00000, 0x0000000087b00000| Untracked 
|  36|0x0000000087c00000, 0x0000000087c00000, 0x0000000087d00000|  0%| F|  |TAMS 0x0000000087c00000, 0x0000000087c00000| Untracked 
|  37|0x0000000087d00000, 0x0000000087d00000, 0x0000000087e00000|  0%| F|  |TAMS 0x0000000087d00000, 0x0000000087d00000| Untracked 
|  38|0x0000000087e00000, 0x0000000087e00000, 0x0000000087f00000|  0%| F|  |TAMS 0x0000000087e00000, 0x0000000087e00000| Untracked 
|  39|0x0000000087f00000, 0x0000000087f00000, 0x0000000088000000|  0%| F|  |TAMS 0x0000000087f00000, 0x0000000087f00000| Untracked 
|  40|0x0000000088000000, 0x0000000088000000, 0x0000000088100000|  0%| F|  |TAMS 0x0000000088000000, 0x0000000088000000| Untracked 
|  41|0x0000000088100000, 0x0000000088100000, 0x0000000088200000|  0%| F|  |TAMS 0x0000000088100000, 0x0000000088100000| Untracked 
|  42|0x0000000088200000, 0x0000000088200000, 0x0000000088300000|  0%| F|  |TAMS 0x0000000088200000, 0x0000000088200000| Untracked 
|  43|0x0000000088300000, 0x0000000088384838, 0x0000000088400000| 51%| S|CS|TAMS 0x0000000088300000, 0x0000000088300000| Complete 
|  44|0x0000000088400000, 0x0000000088500000, 0x0000000088500000|100%| S|CS|TAMS 0x0000000088400000, 0x0000000088400000| Complete 
|  45|0x0000000088500000, 0x0000000088600000, 0x0000000088600000|100%| S|CS|TAMS 0x0000000088500000, 0x0000000088500000| Complete 
|  46|0x0000000088600000, 0x0000000088700000, 0x0000000088700000|100%| S|CS|TAMS 0x0000000088600000, 0x0000000088600000| Complete 
|  47|0x0000000088700000, 0x0000000088700000, 0x0000000088800000|  0%| F|  |TAMS 0x0000000088700000, 0x0000000088700000| Untracked 
|  48|0x0000000088800000, 0x0000000088800000, 0x0000000088900000|  0%| F|  |TAMS 0x0000000088800000, 0x0000000088800000| Untracked 
|  49|0x0000000088900000, 0x0000000088900000, 0x0000000088a00000|  0%| F|  |TAMS 0x0000000088900000, 0x0000000088900000| Untracked 
|  50|0x0000000088a00000, 0x0000000088a00000, 0x0000000088b00000|  0%| F|  |TAMS 0x0000000088a00000, 0x0000000088a00000| Untracked 
|  51|0x0000000088b00000, 0x0000000088b00000, 0x0000000088c00000|  0%| F|  |TAMS 0x0000000088b00000, 0x0000000088b00000| Untracked 
|  52|0x0000000088c00000, 0x0000000088c00000, 0x0000000088d00000|  0%| F|  |TAMS 0x0000000088c00000, 0x0000000088c00000| Untracked 
|  53|0x0000000088d00000, 0x0000000088d00000, 0x0000000088e00000|  0%| F|  |TAMS 0x0000000088d00000, 0x0000000088d00000| Untracked 
|  54|0x0000000088e00000, 0x0000000088e00000, 0x0000000088f00000|  0%| F|  |TAMS 0x0000000088e00000, 0x0000000088e00000| Untracked 
|  55|0x0000000088f00000, 0x0000000088f00000, 0x0000000089000000|  0%| F|  |TAMS 0x0000000088f00000, 0x0000000088f00000| Untracked 
|  56|0x0000000089000000, 0x0000000089000000, 0x0000000089100000|  0%| F|  |TAMS 0x0000000089000000, 0x0000000089000000| Untracked 
|  57|0x0000000089100000, 0x0000000089100000, 0x0000000089200000|  0%| F|  |TAMS 0x0000000089100000, 0x0000000089100000| Untracked 
|  58|0x0000000089200000, 0x0000000089200000, 0x0000000089300000|  0%| F|  |TAMS 0x0000000089200000, 0x0000000089200000| Untracked 
|  59|0x0000000089300000, 0x0000000089300000, 0x0000000089400000|  0%| F|  |TAMS 0x0000000089300000, 0x0000000089300000| Untracked 
|  60|0x0000000089400000, 0x0000000089400000, 0x0000000089500000|  0%| F|  |TAMS 0x0000000089400000, 0x0000000089400000| Untracked 
|  61|0x0000000089500000, 0x0000000089500000, 0x0000000089600000|  0%| F|  |TAMS 0x0000000089500000, 0x0000000089500000| Untracked 
|  62|0x0000000089600000, 0x0000000089600000, 0x0000000089700000|  0%| F|  |TAMS 0x0000000089600000, 0x0000000089600000| Untracked 
|  63|0x0000000089700000, 0x0000000089700000, 0x0000000089800000|  0%| F|  |TAMS 0x0000000089700000, 0x0000000089700000| Untracked 
|  64|0x0000000089800000, 0x0000000089800000, 0x0000000089900000|  0%| F|  |TAMS 0x0000000089800000, 0x0000000089800000| Untracked 
|  65|0x0000000089900000, 0x0000000089900000, 0x0000000089a00000|  0%| F|  |TAMS 0x0000000089900000, 0x0000000089900000| Untracked 
|  66|0x0000000089a00000, 0x0000000089a00000, 0x0000000089b00000|  0%| F|  |TAMS 0x0000000089a00000, 0x0000000089a00000| Untracked 
|  67|0x0000000089b00000, 0x0000000089b00000, 0x0000000089c00000|  0%| F|  |TAMS 0x0000000089b00000, 0x0000000089b00000| Untracked 
|  68|0x0000000089c00000, 0x0000000089c00000, 0x0000000089d00000|  0%| F|  |TAMS 0x0000000089c00000, 0x0000000089c00000| Untracked 
|  69|0x0000000089d00000, 0x0000000089d00000, 0x0000000089e00000|  0%| F|  |TAMS 0x0000000089d00000, 0x0000000089d00000| Untracked 
|  70|0x0000000089e00000, 0x0000000089e00000, 0x0000000089f00000|  0%| F|  |TAMS 0x0000000089e00000, 0x0000000089e00000| Untracked 
|  71|0x0000000089f00000, 0x0000000089f00000, 0x000000008a000000|  0%| F|  |TAMS 0x0000000089f00000, 0x0000000089f00000| Untracked 
|  72|0x000000008a000000, 0x000000008a000000, 0x000000008a100000|  0%| F|  |TAMS 0x000000008a000000, 0x000000008a000000| Untracked 
|  73|0x000000008a100000, 0x000000008a100000, 0x000000008a200000|  0%| F|  |TAMS 0x000000008a100000, 0x000000008a100000| Untracked 
|  74|0x000000008a200000, 0x000000008a200000, 0x000000008a300000|  0%| F|  |TAMS 0x000000008a200000, 0x000000008a200000| Untracked 
|  75|0x000000008a300000, 0x000000008a300000, 0x000000008a400000|  0%| F|  |TAMS 0x000000008a300000, 0x000000008a300000| Untracked 
|  76|0x000000008a400000, 0x000000008a400000, 0x000000008a500000|  0%| F|  |TAMS 0x000000008a400000, 0x000000008a400000| Untracked 
|  77|0x000000008a500000, 0x000000008a500000, 0x000000008a600000|  0%| F|  |TAMS 0x000000008a500000, 0x000000008a500000| Untracked 
|  78|0x000000008a600000, 0x000000008a600000, 0x000000008a700000|  0%| F|  |TAMS 0x000000008a600000, 0x000000008a600000| Untracked 
|  79|0x000000008a700000, 0x000000008a700000, 0x000000008a800000|  0%| F|  |TAMS 0x000000008a700000, 0x000000008a700000| Untracked 
|  80|0x000000008a800000, 0x000000008a800000, 0x000000008a900000|  0%| F|  |TAMS 0x000000008a800000, 0x000000008a800000| Untracked 
|  81|0x000000008a900000, 0x000000008a900000, 0x000000008aa00000|  0%| F|  |TAMS 0x000000008a900000, 0x000000008a900000| Untracked 
|  82|0x000000008aa00000, 0x000000008aa00000, 0x000000008ab00000|  0%| F|  |TAMS 0x000000008aa00000, 0x000000008aa00000| Untracked 
|  83|0x000000008ab00000, 0x000000008ab00000, 0x000000008ac00000|  0%| F|  |TAMS 0x000000008ab00000, 0x000000008ab00000| Untracked 
|  84|0x000000008ac00000, 0x000000008ac00000, 0x000000008ad00000|  0%| F|  |TAMS 0x000000008ac00000, 0x000000008ac00000| Untracked 
|  85|0x000000008ad00000, 0x000000008ad00000, 0x000000008ae00000|  0%| F|  |TAMS 0x000000008ad00000, 0x000000008ad00000| Untracked 
|  86|0x000000008ae00000, 0x000000008ae00000, 0x000000008af00000|  0%| F|  |TAMS 0x000000008ae00000, 0x000000008ae00000| Untracked 
|  87|0x000000008af00000, 0x000000008af00000, 0x000000008b000000|  0%| F|  |TAMS 0x000000008af00000, 0x000000008af00000| Untracked 
|  88|0x000000008b000000, 0x000000008b000000, 0x000000008b100000|  0%| F|  |TAMS 0x000000008b000000, 0x000000008b000000| Untracked 
|  89|0x000000008b100000, 0x000000008b100000, 0x000000008b200000|  0%| F|  |TAMS 0x000000008b100000, 0x000000008b100000| Untracked 
|  90|0x000000008b200000, 0x000000008b200000, 0x000000008b300000|  0%| F|  |TAMS 0x000000008b200000, 0x000000008b200000| Untracked 
|  91|0x000000008b300000, 0x000000008b300000, 0x000000008b400000|  0%| F|  |TAMS 0x000000008b300000, 0x000000008b300000| Untracked 
|  92|0x000000008b400000, 0x000000008b400000, 0x000000008b500000|  0%| F|  |TAMS 0x000000008b400000, 0x000000008b400000| Untracked 
|  93|0x000000008b500000, 0x000000008b500000, 0x000000008b600000|  0%| F|  |TAMS 0x000000008b500000, 0x000000008b500000| Untracked 
|  94|0x000000008b600000, 0x000000008b600000, 0x000000008b700000|  0%| F|  |TAMS 0x000000008b600000, 0x000000008b600000| Untracked 
|  95|0x000000008b700000, 0x000000008b700000, 0x000000008b800000|  0%| F|  |TAMS 0x000000008b700000, 0x000000008b700000| Untracked 
|  96|0x000000008b800000, 0x000000008b800000, 0x000000008b900000|  0%| F|  |TAMS 0x000000008b800000, 0x000000008b800000| Untracked 
|  97|0x000000008b900000, 0x000000008b900000, 0x000000008ba00000|  0%| F|  |TAMS 0x000000008b900000, 0x000000008b900000| Untracked 
|  98|0x000000008ba00000, 0x000000008ba00000, 0x000000008bb00000|  0%| F|  |TAMS 0x000000008ba00000, 0x000000008ba00000| Untracked 
|  99|0x000000008bb00000, 0x000000008bb00000, 0x000000008bc00000|  0%| F|  |TAMS 0x000000008bb00000, 0x000000008bb00000| Untracked 
| 100|0x000000008bc00000, 0x000000008bc00000, 0x000000008bd00000|  0%| F|  |TAMS 0x000000008bc00000, 0x000000008bc00000| Untracked 
| 101|0x000000008bd00000, 0x000000008bd00000, 0x000000008be00000|  0%| F|  |TAMS 0x000000008bd00000, 0x000000008bd00000| Untracked 
| 102|0x000000008be00000, 0x000000008be00000, 0x000000008bf00000|  0%| F|  |TAMS 0x000000008be00000, 0x000000008be00000| Untracked 
| 103|0x000000008bf00000, 0x000000008bf00000, 0x000000008c000000|  0%| F|  |TAMS 0x000000008bf00000, 0x000000008bf00000| Untracked 
| 104|0x000000008c000000, 0x000000008c000000, 0x000000008c100000|  0%| F|  |TAMS 0x000000008c000000, 0x000000008c000000| Untracked 
| 105|0x000000008c100000, 0x000000008c100000, 0x000000008c200000|  0%| F|  |TAMS 0x000000008c100000, 0x000000008c100000| Untracked 
| 106|0x000000008c200000, 0x000000008c200000, 0x000000008c300000|  0%| F|  |TAMS 0x000000008c200000, 0x000000008c200000| Untracked 
| 107|0x000000008c300000, 0x000000008c300000, 0x000000008c400000|  0%| F|  |TAMS 0x000000008c300000, 0x000000008c300000| Untracked 
| 108|0x000000008c400000, 0x000000008c400000, 0x000000008c500000|  0%| F|  |TAMS 0x000000008c400000, 0x000000008c400000| Untracked 
| 109|0x000000008c500000, 0x000000008c500000, 0x000000008c600000|  0%| F|  |TAMS 0x000000008c500000, 0x000000008c500000| Untracked 
| 110|0x000000008c600000, 0x000000008c600000, 0x000000008c700000|  0%| F|  |TAMS 0x000000008c600000, 0x000000008c600000| Untracked 
| 111|0x000000008c700000, 0x000000008c700000, 0x000000008c800000|  0%| F|  |TAMS 0x000000008c700000, 0x000000008c700000| Untracked 
| 112|0x000000008c800000, 0x000000008c800000, 0x000000008c900000|  0%| F|  |TAMS 0x000000008c800000, 0x000000008c800000| Untracked 
| 113|0x000000008c900000, 0x000000008c900000, 0x000000008ca00000|  0%| F|  |TAMS 0x000000008c900000, 0x000000008c900000| Untracked 
| 114|0x000000008ca00000, 0x000000008ca00000, 0x000000008cb00000|  0%| F|  |TAMS 0x000000008ca00000, 0x000000008ca00000| Untracked 
| 115|0x000000008cb00000, 0x000000008cb00000, 0x000000008cc00000|  0%| F|  |TAMS 0x000000008cb00000, 0x000000008cb00000| Untracked 
| 116|0x000000008cc00000, 0x000000008cc00000, 0x000000008cd00000|  0%| F|  |TAMS 0x000000008cc00000, 0x000000008cc00000| Untracked 
| 117|0x000000008cd00000, 0x000000008cd00000, 0x000000008ce00000|  0%| F|  |TAMS 0x000000008cd00000, 0x000000008cd00000| Untracked 
| 118|0x000000008ce00000, 0x000000008ce00000, 0x000000008cf00000|  0%| F|  |TAMS 0x000000008ce00000, 0x000000008ce00000| Untracked 
| 119|0x000000008cf00000, 0x000000008cf00000, 0x000000008d000000|  0%| F|  |TAMS 0x000000008cf00000, 0x000000008cf00000| Untracked 
| 120|0x000000008d000000, 0x000000008d000000, 0x000000008d100000|  0%| F|  |TAMS 0x000000008d000000, 0x000000008d000000| Untracked 
| 121|0x000000008d100000, 0x000000008d100000, 0x000000008d200000|  0%| F|  |TAMS 0x000000008d100000, 0x000000008d100000| Untracked 
| 122|0x000000008d200000, 0x000000008d200000, 0x000000008d300000|  0%| F|  |TAMS 0x000000008d200000, 0x000000008d200000| Untracked 
| 123|0x000000008d300000, 0x000000008d300000, 0x000000008d400000|  0%| F|  |TAMS 0x000000008d300000, 0x000000008d300000| Untracked 

Card table byte_map: [0x0000028a6ef90000,0x0000028a6f370000] _byte_map_base: 0x0000028a6eb64000

Marking Bits (Prev, Next): (CMBitMap*) 0x0000028a641d7860, (CMBitMap*) 0x0000028a641d7820
 Prev Bits: [0x0000028a715f0000, 0x0000028a73490000)
 Next Bits: [0x0000028a6f750000, 0x0000028a715f0000)

Polling page: 0x0000028a620c0000

Metaspace:

Usage:
  Non-class:     26.77 MB used.
      Class:      4.33 MB used.
       Both:     31.11 MB used.

Virtual space:
  Non-class space:       64.00 MB reserved,      27.06 MB ( 42%) committed,  1 nodes.
      Class space:        1.00 GB reserved,       4.62 MB ( <1%) committed,  1 nodes.
             Both:        1.06 GB reserved,      31.69 MB (  3%) committed. 

Chunk freelists:
   Non-Class:  464.00 KB
       Class:  3.25 MB
        Both:  3.70 MB

MaxMetaspaceSize: unlimited
CompressedClassSpaceSize: 1.00 GB
Initial GC threshold: 21.00 MB
Current GC threshold: 35.31 MB
CDS: on
MetaspaceReclaimPolicy: balanced
 - commit_granule_bytes: 65536.
 - commit_granule_words: 8192.
 - virtual_space_node_default_size: 8388608.
 - enlarge_chunks_in_place: 1.
 - new_chunks_are_fully_committed: 0.
 - uncommit_free_chunks: 1.
 - use_allocation_guard: 0.


Internal statistics:

num_allocs_failed_limit: 3.
num_arena_births: 718.
num_arena_deaths: 0.
num_vsnodes_births: 2.
num_vsnodes_deaths: 0.
num_space_committed: 507.
num_space_uncommitted: 0.
num_chunks_returned_to_freelist: 3.
num_chunks_taken_from_freelist: 1776.
num_chunk_merges: 3.
num_chunk_splits: 1230.
num_chunks_enlarged: 928.
num_inconsistent_stats: 0.

CodeCache: size=49152Kb used=9385Kb max_used=9385Kb free=39766Kb
 bounds [0x0000028a6ba90000, 0x0000028a6c3c0000, 0x0000028a6ea90000]
 total_blobs=4706 nmethods=4180 adapters=449
 compilation: enabled
              stopped_count=0, restarted_count=0
 full_count=0

Compilation events (20 events):
Event: 3.795 Thread 0x0000028a7a185310 nmethod 4171 0x0000028a6c3b6090 code [0x0000028a6c3b6240, 0x0000028a6c3b6488]
Event: 3.795 Thread 0x0000028a7a182fa0 nmethod 4170 0x0000028a6c3b6590 code [0x0000028a6c3b6760, 0x0000028a6c3b6a98]
Event: 3.796 Thread 0x0000028a7a182fa0 4172       1       org.springframework.beans.factory.InjectionPoint::getMethodParameter (5 bytes)
Event: 3.796 Thread 0x0000028a7a182fa0 nmethod 4172 0x0000028a6c3b6c10 code [0x0000028a6c3b6da0, 0x0000028a6c3b6e78]
Event: 3.797 Thread 0x0000028a7a182fa0 4173       1       java.lang.invoke.MethodType::invokers (27 bytes)
Event: 3.797 Thread 0x0000028a7a185310 4174       1       java.lang.invoke.Invokers::basicInvoker (103 bytes)
Event: 3.797 Thread 0x0000028a7a1839c0 4175       1       java.lang.invoke.Invokers::cachedInvoker (7 bytes)
Event: 3.797 Thread 0x0000028a7a1839c0 nmethod 4175 0x0000028a6c3b6f10 code [0x0000028a6c3b70a0, 0x0000028a6c3b7198]
Event: 3.797 Thread 0x0000028a7a182fa0 nmethod 4173 0x0000028a6c3b7290 code [0x0000028a6c3b7440, 0x0000028a6c3b7758]
Event: 3.798 Thread 0x0000028a7a185310 nmethod 4174 0x0000028a6c3b7810 code [0x0000028a6c3b7a60, 0x0000028a6c3b84c8]
Event: 3.800 Thread 0x0000028a7a1839c0 4176       1       jdk.internal.loader.URLClassPath$1::next (59 bytes)
Event: 3.801 Thread 0x0000028a7a1839c0 nmethod 4176 0x0000028a6c3b8a90 code [0x0000028a6c3b8c40, 0x0000028a6c3b8e78]
Event: 3.802 Thread 0x0000028a7a185310 4177       1       java.io.File::getAbsolutePath (8 bytes)
Event: 3.802 Thread 0x0000028a7a185310 nmethod 4177 0x0000028a6c3b8f90 code [0x0000028a6c3b9120, 0x0000028a6c3b9208]
Event: 3.802 Thread 0x0000028a7a1839c0 4178       1       sun.nio.fs.WindowsPath::getFileSystem (5 bytes)
Event: 3.802 Thread 0x0000028a7a1839c0 nmethod 4178 0x0000028a6c3b9290 code [0x0000028a6c3b9420, 0x0000028a6c3b94f8]
Event: 3.803 Thread 0x0000028a7a182fa0 4179       1       sun.nio.fs.WindowsPath::compareTo (118 bytes)
Event: 3.804 Thread 0x0000028a7a182fa0 nmethod 4179 0x0000028a6c3b9590 code [0x0000028a6c3b97a0, 0x0000028a6c3b9d68]
Event: 3.804 Thread 0x0000028a7a182fa0 4180       1       java.util.stream.ForEachOps$ForEachOp::get (2 bytes)
Event: 3.804 Thread 0x0000028a7a182fa0 nmethod 4180 0x0000028a6c3ba290 code [0x0000028a6c3ba420, 0x0000028a6c3ba4f8]

GC Heap History (13 events):
Event: 0.856 GC heap before
{Heap before GC invocations=0 (full 0):
 garbage-first heap   total 126976K, used 27648K [0x0000000085800000, 0x0000000100000000)
  region size 1024K, 23 young (23552K), 0 survivors (0K)
 Metaspace       used 5972K, committed 6144K, reserved 1114112K
  class space    used 718K, committed 832K, reserved 1048576K
}
Event: 0.868 GC heap after
{Heap after GC invocations=1 (full 0):
 garbage-first heap   total 126976K, used 13240K [0x0000000085800000, 0x0000000100000000)
  region size 1024K, 3 young (3072K), 3 survivors (3072K)
 Metaspace       used 5972K, committed 6144K, reserved 1114112K
  class space    used 718K, committed 832K, reserved 1048576K
}
Event: 1.176 GC heap before
{Heap before GC invocations=1 (full 0):
 garbage-first heap   total 126976K, used 33720K [0x0000000085800000, 0x0000000100000000)
  region size 1024K, 20 young (20480K), 3 survivors (3072K)
 Metaspace       used 9411K, committed 9600K, reserved 1114112K
  class space    used 1140K, committed 1216K, reserved 1048576K
}
Event: 1.186 GC heap after
{Heap after GC invocations=2 (full 0):
 garbage-first heap   total 126976K, used 17087K [0x0000000085800000, 0x0000000100000000)
  region size 1024K, 3 young (3072K), 3 survivors (3072K)
 Metaspace       used 9411K, committed 9600K, reserved 1114112K
  class space    used 1140K, committed 1216K, reserved 1048576K
}
Event: 2.005 GC heap before
{Heap before GC invocations=2 (full 0):
 garbage-first heap   total 126976K, used 54975K [0x0000000085800000, 0x0000000100000000)
  region size 1024K, 41 young (41984K), 3 survivors (3072K)
 Metaspace       used 18287K, committed 18624K, reserved 1114112K
  class space    used 2357K, committed 2496K, reserved 1048576K
}
Event: 2.011 GC heap after
{Heap after GC invocations=3 (full 0):
 garbage-first heap   total 126976K, used 19573K [0x0000000085800000, 0x0000000100000000)
  region size 1024K, 6 young (6144K), 6 survivors (6144K)
 Metaspace       used 18287K, committed 18624K, reserved 1114112K
  class space    used 2357K, committed 2496K, reserved 1048576K
}
Event: 2.172 GC heap before
{Heap before GC invocations=3 (full 0):
 garbage-first heap   total 126976K, used 33909K [0x0000000085800000, 0x0000000100000000)
  region size 1024K, 21 young (21504K), 6 survivors (6144K)
 Metaspace       used 21101K, committed 21504K, reserved 1114112K
  class space    used 2728K, committed 2944K, reserved 1048576K
}
Event: 2.178 GC heap after
{Heap after GC invocations=4 (full 0):
 garbage-first heap   total 126976K, used 21223K [0x0000000085800000, 0x0000000100000000)
  region size 1024K, 5 young (5120K), 5 survivors (5120K)
 Metaspace       used 21101K, committed 21504K, reserved 1114112K
  class space    used 2728K, committed 2944K, reserved 1048576K
}
Event: 3.173 GC heap before
{Heap before GC invocations=5 (full 0):
 garbage-first heap   total 75776K, used 74471K [0x0000000085800000, 0x0000000100000000)
  region size 1024K, 58 young (59392K), 5 survivors (5120K)
 Metaspace       used 26590K, committed 27008K, reserved 1114112K
  class space    used 3659K, committed 3840K, reserved 1048576K
}
Event: 3.184 GC heap after
{Heap after GC invocations=6 (full 0):
 garbage-first heap   total 83968K, used 23447K [0x0000000085800000, 0x0000000100000000)
  region size 1024K, 8 young (8192K), 8 survivors (8192K)
 Metaspace       used 26590K, committed 27008K, reserved 1114112K
  class space    used 3659K, committed 3840K, reserved 1048576K
}
Event: 3.197 GC heap before
{Heap before GC invocations=6 (full 0):
 garbage-first heap   total 83968K, used 24471K [0x0000000085800000, 0x0000000100000000)
  region size 1024K, 9 young (9216K), 8 survivors (8192K)
 Metaspace       used 26652K, committed 27072K, reserved 1114112K
  class space    used 3668K, committed 3840K, reserved 1048576K
}
Event: 3.206 GC heap after
{Heap after GC invocations=7 (full 0):
 garbage-first heap   total 83968K, used 24247K [0x0000000085800000, 0x0000000100000000)
  region size 1024K, 1 young (1024K), 1 survivors (1024K)
 Metaspace       used 26652K, committed 27072K, reserved 1114112K
  class space    used 3668K, committed 3840K, reserved 1048576K
}
Event: 3.808 GC heap before
{Heap before GC invocations=7 (full 0):
 garbage-first heap   total 83968K, used 59063K [0x0000000085800000, 0x0000000100000000)
  region size 1024K, 35 young (35840K), 1 survivors (1024K)
 Metaspace       used 31852K, committed 32448K, reserved 1114112K
  class space    used 4437K, committed 4736K, reserved 1048576K
}

Deoptimization events (6 events):
Event: 1.907 Thread 0x0000028a64178890 DEOPT PACKING pc=0x0000028a6c0c4499 sp=0x000000b09ecfd310
Event: 1.907 Thread 0x0000028a64178890 DEOPT UNPACKING pc=0x0000028a6bae6763 sp=0x000000b09ecfc7f0 mode 3
Event: 2.082 Thread 0x0000028a64178890 DEOPT PACKING pc=0x0000028a6c0f54d5 sp=0x000000b09ecfda30
Event: 2.082 Thread 0x0000028a64178890 DEOPT UNPACKING pc=0x0000028a6bae6763 sp=0x000000b09ecfced8 mode 3
Event: 3.703 Thread 0x0000028a64178890 DEOPT PACKING pc=0x0000028a6c38511d sp=0x000000b09ecfc730
Event: 3.703 Thread 0x0000028a64178890 DEOPT UNPACKING pc=0x0000028a6bae6763 sp=0x000000b09ecfbc98 mode 3

Classes loaded (20 events):
Event: 3.607 Loading class java/util/stream/ReduceOps$2
Event: 3.608 Loading class java/util/stream/ReduceOps$2 done
Event: 3.608 Loading class java/util/stream/ReduceOps$2ReducingSink
Event: 3.608 Loading class java/util/stream/ReduceOps$2ReducingSink done
Event: 3.696 Loading class javax/net/ssl/SSLException
Event: 3.697 Loading class javax/net/ssl/SSLException done
Event: 3.697 Loading class java/io/EOFException
Event: 3.697 Loading class java/io/EOFException done
Event: 3.709 Loading class java/nio/channels/CompletionHandler
Event: 3.709 Loading class java/nio/channels/CompletionHandler done
Event: 3.714 Loading class jdk/internal/vm/annotation/IntrinsicCandidate
Event: 3.714 Loading class jdk/internal/vm/annotation/IntrinsicCandidate done
Event: 3.720 Loading class java/lang/invoke/DirectMethodHandle$Special
Event: 3.720 Loading class java/lang/invoke/DirectMethodHandle$Special done
Event: 3.721 Loading class java/util/concurrent/locks/AbstractQueuedSynchronizer$ExclusiveNode
Event: 3.721 Loading class java/util/concurrent/locks/AbstractQueuedSynchronizer$ExclusiveNode done
Event: 3.752 Loading class java/lang/ExceptionInInitializerError
Event: 3.752 Loading class java/lang/ExceptionInInitializerError done
Event: 3.789 Loading class javax/naming/Referenceable
Event: 3.789 Loading class javax/naming/Referenceable done

Classes unloaded (0 events):
No events

Classes redefined (0 events):
No events

Internal exceptions (20 events):
Event: 3.350 Thread 0x0000028a64178890 Exception <a 'java/lang/NoSuchMethodError'{0x000000008a053910}: 'java.lang.Object java.lang.invoke.DirectMethodHandle$Holder.invokeVirtual(java.lang.Object, java.lang.Object, java.lang.Object, java.lang.Object, java.lang.Object)'> (0x000000008a053910) 
thrown [s\open\src\hotspot\share\interpreter\linkResolver.cpp, line 759]
Event: 3.404 Thread 0x0000028a64178890 Exception <a 'java/lang/NoSuchMethodError'{0x0000000089d1a4a8}: 'java.lang.Object java.lang.invoke.DirectMethodHandle$Holder.invokeVirtual(java.lang.Object, java.lang.Object, java.lang.Object, java.lang.Object, java.lang.Object, java.lang.Object)'> (0x0000000089d1a4a8) 
thrown [s\open\src\hotspot\share\interpreter\linkResolver.cpp, line 759]
Event: 3.417 Thread 0x0000028a64178890 Exception <a 'java/lang/NoSuchMethodError'{0x0000000089db54d0}: 'void java.lang.invoke.DirectMethodHandle$Holder.invokeSpecial(java.lang.Object, java.lang.Object, java.lang.Object, java.lang.Object, java.lang.Object, java.lang.Object, java.lang.Object)'> (0x0000000089db54d0) 
thrown [s\open\src\hotspot\share\interpreter\linkResolver.cpp, line 759]
Event: 3.429 Thread 0x0000028a64178890 Exception <a 'java/lang/NoSuchMethodError'{0x0000000089c6b108}: 'void java.lang.invoke.DirectMethodHandle$Holder.invokeInterface(java.lang.Object, java.lang.Object, int)'> (0x0000000089c6b108) 
thrown [s\open\src\hotspot\share\interpreter\linkResolver.cpp, line 759]
Event: 3.431 Thread 0x0000028a64178890 Exception <a 'java/lang/IncompatibleClassChangeError'{0x0000000089cbba00}: Found class java.lang.Object, but interface was expected> (0x0000000089cbba00) 
thrown [s\open\src\hotspot\share\interpreter\linkResolver.cpp, line 826]
Event: 3.433 Thread 0x0000028a64178890 Exception <a 'java/lang/NoSuchMethodError'{0x0000000089cdf3a8}: 'void java.lang.invoke.DirectMethodHandle$Holder.invokeStatic(java.lang.Object, int, java.lang.Object)'> (0x0000000089cdf3a8) 
thrown [s\open\src\hotspot\share\interpreter\linkResolver.cpp, line 759]
Event: 3.435 Thread 0x0000028a64178890 Exception <a 'java/lang/NoSuchMethodError'{0x0000000089b11c88}: 'int java.lang.invoke.DirectMethodHandle$Holder.invokeSpecial(java.lang.Object, java.lang.Object, int)'> (0x0000000089b11c88) 
thrown [s\open\src\hotspot\share\interpreter\linkResolver.cpp, line 759]
Event: 3.436 Thread 0x0000028a64178890 Exception <a 'java/lang/NoSuchMethodError'{0x0000000089b228a0}: 'void java.lang.invoke.DirectMethodHandle$Holder.invokeStatic(java.lang.Object, java.lang.Object, java.lang.Object, int, java.lang.Object)'> (0x0000000089b228a0) 
thrown [s\open\src\hotspot\share\interpreter\linkResolver.cpp, line 759]
Event: 3.436 Thread 0x0000028a64178890 Exception <a 'java/lang/NoSuchMethodError'{0x0000000089b29d40}: 'java.lang.Object java.lang.invoke.DirectMethodHandle$Holder.newInvokeSpecial(java.lang.Object, java.lang.Object, java.lang.Object, int)'> (0x0000000089b29d40) 
thrown [s\open\src\hotspot\share\interpreter\linkResolver.cpp, line 759]
Event: 3.436 Thread 0x0000028a64178890 Exception <a 'java/lang/NoSuchMethodError'{0x0000000089b2ddc0}: 'java.lang.Object java.lang.invoke.DirectMethodHandle$Holder.invokeSpecial(java.lang.Object, java.lang.Object, java.lang.Object, java.lang.Object, int)'> (0x0000000089b2ddc0) 
thrown [s\open\src\hotspot\share\interpreter\linkResolver.cpp, line 759]
Event: 3.437 Thread 0x0000028a64178890 Exception <a 'java/lang/NoSuchMethodError'{0x0000000089b314c8}: 'java.lang.Object java.lang.invoke.Invokers$Holder.linkToTargetMethod(java.lang.Object, java.lang.Object, int, java.lang.Object)'> (0x0000000089b314c8) 
thrown [s\open\src\hotspot\share\interpreter\linkResolver.cpp, line 759]
Event: 3.590 Thread 0x0000028a64178890 Exception <a 'java/lang/NoSuchMethodError'{0x0000000089327358}: 'int java.lang.invoke.DirectMethodHandle$Holder.invokeVirtual(java.lang.Object, java.lang.Object, java.lang.Object, java.lang.Object)'> (0x0000000089327358) 
thrown [s\open\src\hotspot\share\interpreter\linkResolver.cpp, line 759]
Event: 3.590 Thread 0x0000028a64178890 Exception <a 'java/lang/NoSuchMethodError'{0x000000008932b058}: 'int java.lang.invoke.DelegatingMethodHandle$Holder.reinvoke_L(java.lang.Object, java.lang.Object, java.lang.Object, java.lang.Object)'> (0x000000008932b058) 
thrown [s\open\src\hotspot\share\interpreter\linkResolver.cpp, line 759]
Event: 3.615 Thread 0x0000028a64178890 Exception <a 'java/io/FileNotFoundException'{0x0000000089245570}> (0x0000000089245570) 
thrown [s\open\src\hotspot\share\prims\jni.cpp, line 516]
Event: 3.670 Thread 0x0000028a64178890 Exception <a 'java/lang/NoSuchMethodError'{0x0000000088e2c558}: 'int java.lang.invoke.DirectMethodHandle$Holder.invokeInterface(java.lang.Object, java.lang.Object, java.lang.Object, java.lang.Object)'> (0x0000000088e2c558) 
thrown [s\open\src\hotspot\share\interpreter\linkResolver.cpp, line 759]
Event: 3.709 Thread 0x0000028a64178890 Exception <a 'java/lang/NoSuchMethodError'{0x0000000088c47520}: 'long java.lang.invoke.DirectMethodHandle$Holder.invokeVirtual(java.lang.Object, java.lang.Object)'> (0x0000000088c47520) 
thrown [s\open\src\hotspot\share\interpreter\linkResolver.cpp, line 759]
Event: 3.733 Thread 0x0000028a64178890 Exception <a 'java/lang/NoSuchMethodError'{0x0000000088be0dc0}: 'void java.lang.invoke.DirectMethodHandle$Holder.invokeVirtual(java.lang.Object, java.lang.Object, long)'> (0x0000000088be0dc0) 
thrown [s\open\src\hotspot\share\interpreter\linkResolver.cpp, line 759]
Event: 3.770 Thread 0x0000028a64178890 Exception <a 'java/lang/NoSuchMethodError'{0x000000008883aa78}: 'java.lang.Object java.lang.invoke.DirectMethodHandle$Holder.newInvokeSpecial(java.lang.Object, java.lang.Object, java.lang.Object, java.lang.Object, java.lang.Object, java.lang.Object, java.lang.Object, java.lang.Object, java.lang.Object, java.lang.Object, java.lang.Object, java.lang.Object)'> (0x000000008883aa78) 
thrown [s\open\src\hotspot\share\interpreter\linkResolver.cpp, line 759]
Event: 3.770 Thread 0x0000028a64178890 Exception <a 'java/lang/NoSuchMethodError'{0x000000008883fea0}: 'java.lang.Object java.lang.invoke.DirectMethodHandle$Holder.invokeSpecial(java.lang.Object, java.lang.Object, java.lang.Object, java.lang.Object, java.lang.Object, java.lang.Object, java.lang.Object, java.lang.Object, java.lang.Object, java.lang.Object, java.lang.Object, java.lang.Object, java.lang.Object)'> (0x000000008883fea0) 
thrown [s\open\src\hotspot\share\interpreter\linkResolver.cpp, line 759]
Event: 3.802 Thread 0x0000028a64178890 Exception <a 'sun/nio/fs/WindowsException'{0x00000000887cc0f8}> (0x00000000887cc0f8) 
thrown [s\open\src\hotspot\share\prims\jni.cpp, line 516]

VM Operations (20 events):
Event: 3.184 Executing VM operation: G1CollectForAllocation done
Event: 3.196 Executing VM operation: G1CollectForAllocation
Event: 3.206 Executing VM operation: G1CollectForAllocation done
Event: 3.279 Executing VM operation: HandshakeAllThreads
Event: 3.279 Executing VM operation: HandshakeAllThreads done
Event: 3.476 Executing VM operation: HandshakeAllThreads
Event: 3.476 Executing VM operation: HandshakeAllThreads done
Event: 3.580 Executing VM operation: HandshakeAllThreads
Event: 3.580 Executing VM operation: HandshakeAllThreads done
Event: 3.581 Executing VM operation: HandshakeAllThreads
Event: 3.582 Executing VM operation: HandshakeAllThreads done
Event: 3.608 Executing VM operation: HandshakeAllThreads
Event: 3.608 Executing VM operation: HandshakeAllThreads done
Event: 3.646 Executing VM operation: HandshakeAllThreads
Event: 3.647 Executing VM operation: HandshakeAllThreads done
Event: 3.685 Executing VM operation: HandshakeAllThreads
Event: 3.686 Executing VM operation: HandshakeAllThreads done
Event: 3.715 Executing VM operation: HandshakeAllThreads
Event: 3.715 Executing VM operation: HandshakeAllThreads done
Event: 3.808 Executing VM operation: G1CollectForAllocation

Events (20 events):
Event: 1.647 Thread 0x0000028a7b3a9a70 Thread added: 0x0000028a7b3a9a70
Event: 1.649 Thread 0x0000028a7b3a9a70 Thread exited: 0x0000028a7b3a9a70
Event: 1.719 Thread 0x0000028a7b3ada00 Thread added: 0x0000028a7b3ada00
Event: 1.724 Thread 0x0000028a7b3ada00 Thread exited: 0x0000028a7b3ada00
Event: 1.759 Thread 0x0000028a7b3da870 Thread added: 0x0000028a7b3da870
Event: 2.131 Loaded shared library C:\Program Files\Java\jdk-18.0.2.1\bin\sunmscapi.dll
Event: 2.137 Thread 0x0000028a7b599780 Thread added: 0x0000028a7b599780
Event: 2.149 Thread 0x0000028a7b3da870 Thread exited: 0x0000028a7b3da870
Event: 2.185 Thread 0x0000028a7b599780 Thread exited: 0x0000028a7b599780
Event: 2.226 Thread 0x0000028a7b84a070 Thread added: 0x0000028a7b84a070
Event: 2.231 Thread 0x0000028a7b84a070 Thread exited: 0x0000028a7b84a070
Event: 2.733 Thread 0x0000028a7b8f87a0 Thread added: 0x0000028a7b8f87a0
Event: 2.739 Thread 0x0000028a7b8f87a0 Thread exited: 0x0000028a7b8f87a0
Event: 3.241 Thread 0x0000028a7b8f7e00 Thread added: 0x0000028a7b8f7e00
Event: 3.246 Thread 0x0000028a7b8f7e00 Thread exited: 0x0000028a7b8f7e00
Event: 3.719 Thread 0x0000028a7b8fa950 Thread added: 0x0000028a7b8fa950
Event: 3.720 Thread 0x0000028a7b8f7e00 Thread added: 0x0000028a7b8f7e00
Event: 3.724 Thread 0x0000028a7b8f9140 Thread added: 0x0000028a7b8f9140
Event: 3.748 Thread 0x0000028a7b8f9ae0 Thread added: 0x0000028a7b8f9ae0
Event: 3.752 Thread 0x0000028a7b8f9ae0 Thread exited: 0x0000028a7b8f9ae0


Dynamic libraries:
0x00007ff641490000 - 0x00007ff6414a0000 	C:\Program Files\Java\jdk-18.0.2.1\bin\java.exe
0x00007ffaf0e70000 - 0x00007ffaf1087000 	C:\WINDOWS\SYSTEM32\ntdll.dll
0x00007ffaf06c0000 - 0x00007ffaf0784000 	C:\WINDOWS\System32\KERNEL32.DLL
0x00007ffaedf60000 - 0x00007ffaee332000 	C:\WINDOWS\System32\KERNELBASE.dll
0x00007ffaee340000 - 0x00007ffaee451000 	C:\WINDOWS\System32\ucrtbase.dll
0x00007ffabaef0000 - 0x00007ffabaf08000 	C:\Program Files\Java\jdk-18.0.2.1\bin\jli.dll
0x00007ffabadc0000 - 0x00007ffabadda000 	C:\Program Files\Java\jdk-18.0.2.1\bin\VCRUNTIME140.dll
0x00007ffaeec10000 - 0x00007ffaeecc1000 	C:\WINDOWS\System32\ADVAPI32.dll
0x00007ffaef7c0000 - 0x00007ffaef867000 	C:\WINDOWS\System32\msvcrt.dll
0x00007ffaefe70000 - 0x00007ffaeff18000 	C:\WINDOWS\System32\sechost.dll
0x00007ffaee5a0000 - 0x00007ffaee5c8000 	C:\WINDOWS\System32\bcrypt.dll
0x00007ffaeff30000 - 0x00007ffaf0044000 	C:\WINDOWS\System32\RPCRT4.dll
0x00007ffaf0100000 - 0x00007ffaf02b1000 	C:\WINDOWS\System32\USER32.dll
0x00007ffaee740000 - 0x00007ffaee766000 	C:\WINDOWS\System32\win32u.dll
0x00007ffad4130000 - 0x00007ffad43cb000 	C:\WINDOWS\WinSxS\amd64_microsoft.windows.common-controls_6595b64144ccf1df_6.0.22621.5415_none_270d77d17387d7da\COMCTL32.dll
0x00007ffaeeb00000 - 0x00007ffaeeb29000 	C:\WINDOWS\System32\GDI32.dll
0x00007ffaee810000 - 0x00007ffaee933000 	C:\WINDOWS\System32\gdi32full.dll
0x00007ffaee770000 - 0x00007ffaee80a000 	C:\WINDOWS\System32\msvcp_win.dll
0x00007ffae9240000 - 0x00007ffae924a000 	C:\WINDOWS\SYSTEM32\VERSION.dll
0x00007ffaef780000 - 0x00007ffaef7b1000 	C:\WINDOWS\System32\IMM32.DLL
0x00007ffac6e70000 - 0x00007ffac6e7c000 	C:\Program Files\Java\jdk-18.0.2.1\bin\vcruntime140_1.dll
0x00007ffa72270000 - 0x00007ffa722fd000 	C:\Program Files\Java\jdk-18.0.2.1\bin\msvcp140.dll
0x00007ffa14ab0000 - 0x00007ffa156c1000 	C:\Program Files\Java\jdk-18.0.2.1\bin\server\jvm.dll
0x00007ffaeff20000 - 0x00007ffaeff28000 	C:\WINDOWS\System32\PSAPI.DLL
0x00007ffacbc70000 - 0x00007ffacbc79000 	C:\WINDOWS\SYSTEM32\WSOCK32.dll
0x00007ffaf0be0000 - 0x00007ffaf0c51000 	C:\WINDOWS\System32\WS2_32.dll
0x00007ffae9340000 - 0x00007ffae9374000 	C:\WINDOWS\SYSTEM32\WINMM.dll
0x00007ffaecf90000 - 0x00007ffaecfa8000 	C:\WINDOWS\SYSTEM32\kernel.appcore.dll
0x00007ffac2780000 - 0x00007ffac278a000 	C:\Program Files\Java\jdk-18.0.2.1\bin\jimage.dll
0x00007ffaeb8d0000 - 0x00007ffaebb03000 	C:\WINDOWS\SYSTEM32\DBGHELP.DLL
0x00007ffaf02c0000 - 0x00007ffaf0653000 	C:\WINDOWS\System32\combase.dll
0x00007ffaeeb30000 - 0x00007ffaeec07000 	C:\WINDOWS\System32\OLEAUT32.dll
0x00007ffacb740000 - 0x00007ffacb772000 	C:\WINDOWS\SYSTEM32\dbgcore.DLL
0x00007ffaeea80000 - 0x00007ffaeeafb000 	C:\WINDOWS\System32\bcryptPrimitives.dll
0x00007ffae0c80000 - 0x00007ffae0c8e000 	C:\Program Files\Java\jdk-18.0.2.1\bin\instrument.dll
0x00007ffaba9d0000 - 0x00007ffaba9f5000 	C:\Program Files\Java\jdk-18.0.2.1\bin\java.dll
0x00007ffa17280000 - 0x00007ffa17356000 	C:\Program Files\Java\jdk-18.0.2.1\bin\jsvml.dll
0x00007ffaeeeb0000 - 0x00007ffaef752000 	C:\WINDOWS\System32\SHELL32.dll
0x00007ffaee460000 - 0x00007ffaee59f000 	C:\WINDOWS\System32\wintypes.dll
0x00007ffaebe50000 - 0x00007ffaec76e000 	C:\WINDOWS\SYSTEM32\windows.storage.dll
0x00007ffaeeda0000 - 0x00007ffaeeeab000 	C:\WINDOWS\System32\SHCORE.dll
0x00007ffaf0b70000 - 0x00007ffaf0bd9000 	C:\WINDOWS\System32\shlwapi.dll
0x00007ffaede90000 - 0x00007ffaedebb000 	C:\WINDOWS\SYSTEM32\profapi.dll
0x00007ffaa37c0000 - 0x00007ffaa37d8000 	C:\Program Files\Java\jdk-18.0.2.1\bin\zip.dll
0x00007ffaba9b0000 - 0x00007ffaba9c3000 	C:\Program Files\Java\jdk-18.0.2.1\bin\net.dll
0x00007ffaea740000 - 0x00007ffaea86c000 	C:\WINDOWS\SYSTEM32\WINHTTP.dll
0x00007ffaed410000 - 0x00007ffaed479000 	C:\WINDOWS\system32\mswsock.dll
0x00007ffaa37e0000 - 0x00007ffaa37f6000 	C:\Program Files\Java\jdk-18.0.2.1\bin\nio.dll
0x00007fface560000 - 0x00007fface57a000 	C:\Program Files\JetBrains\IntelliJ IDEA 2023.3.2\bin\breakgen64.dll
0x00007ffaec9f0000 - 0x00007ffaecae8000 	C:\WINDOWS\SYSTEM32\DNSAPI.dll
0x00007ffaec9c0000 - 0x00007ffaec9ed000 	C:\WINDOWS\SYSTEM32\IPHLPAPI.DLL
0x00007ffaefd00000 - 0x00007ffaefd09000 	C:\WINDOWS\System32\NSI.dll
0x00007ffae9230000 - 0x00007ffae923a000 	C:\Windows\System32\rasadhlp.dll
0x00007ffae7000000 - 0x00007ffae7084000 	C:\WINDOWS\System32\fwpuclnt.dll
0x00007ffae0c70000 - 0x00007ffae0c79000 	C:\Program Files\Java\jdk-18.0.2.1\bin\management.dll
0x00007ffad43f0000 - 0x00007ffad43fb000 	C:\Program Files\Java\jdk-18.0.2.1\bin\management_ext.dll
0x00007ffaed670000 - 0x00007ffaed68b000 	C:\WINDOWS\SYSTEM32\CRYPTSP.dll
0x00007ffaecef0000 - 0x00007ffaecf27000 	C:\WINDOWS\system32\rsaenh.dll
0x00007ffaed500000 - 0x00007ffaed528000 	C:\WINDOWS\SYSTEM32\USERENV.dll
0x00007ffaed660000 - 0x00007ffaed66c000 	C:\WINDOWS\SYSTEM32\CRYPTBASE.dll
0x00007ffae9570000 - 0x00007ffae9589000 	C:\WINDOWS\SYSTEM32\dhcpcsvc6.DLL
0x00007ffae9320000 - 0x00007ffae933f000 	C:\WINDOWS\SYSTEM32\dhcpcsvc.DLL
0x00007ffac7f10000 - 0x00007ffac7f27000 	C:\WINDOWS\system32\napinsp.dll
0x00007ffac7ef0000 - 0x00007ffac7f0b000 	C:\WINDOWS\system32\pnrpnsp.dll
0x00007ffac7540000 - 0x00007ffac7551000 	C:\WINDOWS\System32\winrnr.dll
0x00007ffac7520000 - 0x00007ffac753f000 	C:\WINDOWS\system32\wshbth.dll
0x00007ffac74f0000 - 0x00007ffac7511000 	C:\WINDOWS\system32\nlansp_c.dll
0x00007ffad3c50000 - 0x00007ffad3c5e000 	C:\Program Files\Java\jdk-18.0.2.1\bin\sunmscapi.dll
0x00007ffaee5d0000 - 0x00007ffaee737000 	C:\WINDOWS\System32\CRYPT32.dll
0x00007ffaed820000 - 0x00007ffaed84d000 	C:\WINDOWS\SYSTEM32\ncrypt.dll
0x00007ffaed7e0000 - 0x00007ffaed817000 	C:\WINDOWS\SYSTEM32\NTASN1.dll

dbghelp: loaded successfully - version: 4.0.5 - missing functions: none
symbol engine: initialized successfully - sym options: 0x614 - pdb path: .;C:\Program Files\Java\jdk-18.0.2.1\bin;C:\WINDOWS\SYSTEM32;C:\WINDOWS\WinSxS\amd64_microsoft.windows.common-controls_6595b64144ccf1df_6.0.22621.5415_none_270d77d17387d7da;C:\Program Files\Java\jdk-18.0.2.1\bin\server;C:\Program Files\JetBrains\IntelliJ IDEA 2023.3.2\bin

VM Arguments:
jvm_args: -XX:TieredStopAtLevel=1 -Dspring.output.ansi.enabled=always -Dcom.sun.management.jmxremote -Dspring.jmx.enabled=true -Dspring.liveBeansView.mbeanDomain -Dspring.application.admin.enabled=true -Dmanagement.endpoints.jmx.exposure.include=* -javaagent:C:\Program Files\JetBrains\IntelliJ IDEA 2023.3.2\lib\idea_rt.jar=54088:C:\Program Files\JetBrains\IntelliJ IDEA 2023.3.2\bin -Dfile.encoding=UTF-8 -Dsun.stdout.encoding=UTF-8 -Dsun.stderr.encoding=UTF-8 
java_command: com.example.ProductServiceApplication
java_class_path (initial): D:\My-project\ProductService\ProductService\target\classes;C:\Users\shrey\.m2\repository\org\springframework\boot\spring-boot-starter-data-jpa\3.5.3\spring-boot-starter-data-jpa-3.5.3.jar;C:\Users\shrey\.m2\repository\org\springframework\boot\spring-boot-starter\3.5.3\spring-boot-starter-3.5.3.jar;C:\Users\shrey\.m2\repository\org\springframework\boot\spring-boot\3.5.3\spring-boot-3.5.3.jar;C:\Users\shrey\.m2\repository\org\springframework\boot\spring-boot-autoconfigure\3.5.3\spring-boot-autoconfigure-3.5.3.jar;C:\Users\shrey\.m2\repository\org\springframework\boot\spring-boot-starter-logging\3.5.3\spring-boot-starter-logging-3.5.3.jar;C:\Users\shrey\.m2\repository\ch\qos\logback\logback-classic\1.5.18\logback-classic-1.5.18.jar;C:\Users\shrey\.m2\repository\ch\qos\logback\logback-core\1.5.18\logback-core-1.5.18.jar;C:\Users\shrey\.m2\repository\org\apache\logging\log4j\log4j-to-slf4j\2.24.3\log4j-to-slf4j-2.24.3.jar;C:\Users\shrey\.m2\repository\org\apache\logging\log4j\log4j-api\2.24.3\log4j-api-2.24.3.jar;C:\Users\shrey\.m2\repository\org\slf4j\jul-to-slf4j\2.0.17\jul-to-slf4j-2.0.17.jar;C:\Users\shrey\.m2\repository\jakarta\annotation\jakarta.annotation-api\2.1.1\jakarta.annotation-api-2.1.1.jar;C:\Users\shrey\.m2\repository\org\yaml\snakeyaml\2.4\snakeyaml-2.4.jar;C:\Users\shrey\.m2\repository\org\springframework\boot\spring-boot-starter-jdbc\3.5.3\spring-boot-starter-jdbc-3.5.3.jar;C:\Users\shrey\.m2\repository\com\zaxxer\HikariCP\6.3.0\HikariCP-6.3.0.jar;C:\Users\shrey\.m2\repository\org\springframework\spring-jdbc\6.2.8\spring-jdbc-6.2.8.jar;C:\Users\shrey\.m2\repository\org\hibernate\orm\hibernate-core\6.6.18.Final\hibernate-core-6.6.18.Final.jar;C:\Users\shrey\.m2\repository\jakarta\persistence\jakarta.persistence-api\3.1.0\jakarta.persistence-api-3.1.0.jar;C:\Users\shrey\.m2\repository\jakarta\transaction\jakarta.transaction-api\2.0.1\jakarta.transaction-api-2.0.1.jar;C:\Users\shrey\.m2\repository\org\jboss\logging\jboss-logging\3.6.1.Final\jboss-logging-3.6.1.Final.jar;C:\Users\shrey\.m2\repository\org\hibernate\common\hibernate-commons-annotations\7.0.3.Final\hibernate-commons-annotations-7.0.3.Final.jar;C:\Users\shrey\.m2\repository\io\smallrye\jandex\3.2.0\jandex-3.2.0.jar;C:\Users\shrey\.m2\repository\com\fasterxml\classmate\1.7.0\classmate-1.7.0.jar;C:\Users\shrey\.m2\repository\net\bytebuddy\byte-buddy\1.17.6\byte-buddy-1.17.6.jar;C:\Users\shrey\.m2\repository\org\glassfish\jaxb\jaxb-runtime\4.0.5\jaxb-runtime-4.0.5.jar;C:\Users\shrey\.m2\repository\org\glassfish\jaxb\jaxb-core\4.0.5\jaxb-core-4.0.5.jar;C:\Users\shrey\.m2\repository\org\eclipse\angus\angus-activation\2.0.2\angus-activation-2.0.2.jar;C:\Users\shrey\.m2\repository\org\glassfish\jaxb\txw2\4.0.5\txw2-4.0.5.jar;C:\Users\shrey\.m2\repository\com\sun\istack\istack-commons-runtime\4.1.2\istack-commons-runtime-4.1.2.jar;C:\Users\shrey\.m2\repository\jakarta\inject\jakarta.inject-api\2.0.1\jakarta.inject-api-2.0.1.jar;C:\Users\shrey\.m2\repository\org\antlr\antlr4-runtime\4.13.0\antlr4-runtime-4.13.0.jar;C:\Users\shrey\.m2\repository\org\springframework\data\spring-data-jpa\3.5.1\spring-data-jpa-3.5.1.jar;C:\Users\shrey\.m2\repository\org\springframework\data\spring-data-commons\3.5.1\spring-data-commons-3.5.1.jar;C:\Users\shrey\.m2\repository\org\springframework\spring-orm\6.2.8\spring-orm-6.2.8.jar;C:\Users\shrey\.m2\repository\org\springframework\spring-context\6.2.8\spring-context-6.2.8.jar;C:\Users\shrey\.m2\repository\org\springframework\spring-aop\6.2.8\spring-aop-6.2.8.jar;C:\Users\shrey\.m2\repository\org\springframework\spring-tx\6.2.8\spring-tx-6.2.8.jar;C:\Users\shrey\.m2\repository\org\springframework\spring-beans\6.2.8\spring-beans-6.2.8.jar;C:\Users\shrey\.m2\repository\org\slf4j\slf4j-api\2.0.17\slf4j-api-2.0.17.jar;C:\Users\shrey\.m2\repository\org\springframework\spring-aspects\6.2.8\spring-aspects-6.2.8.jar;C:\Users\shrey\.m2\repository\org\aspectj\aspectjweaver\1.9.24\aspectjweaver-1.9.24.jar;C:\Users\shrey\.m2\repository\org\springframework\boot\spring-boot-starter-web\3.5.3\spring-boot-starter-web-3.5.3.jar;C:\Users\shrey\.m2\repository\org\springframework\boot\spring-boot-starter-json\3.5.3\spring-boot-starter-json-3.5.3.jar;C:\Users\shrey\.m2\repository\com\fasterxml\jackson\core\jackson-databind\2.19.1\jackson-databind-2.19.1.jar;C:\Users\shrey\.m2\repository\com\fasterxml\jackson\datatype\jackson-datatype-jdk8\2.19.1\jackson-datatype-jdk8-2.19.1.jar;C:\Users\shrey\.m2\repository\com\fasterxml\jackson\datatype\jackson-datatype-jsr310\2.19.1\jackson-datatype-jsr310-2.19.1.jar;C:\Users\shrey\.m2\repository\com\fasterxml\jackson\module\jackson-module-parameter-names\2.19.1\jackson-module-parameter-names-2.19.1.jar;C:\Users\shrey\.m2\repository\org\springframework\boot\spring-boot-starter-tomcat\3.5.3\spring-boot-starter-tomcat-3.5.3.jar;C:\Users\shrey\.m2\repository\org\apache\tomcat\embed\tomcat-embed-core\10.1.42\tomcat-embed-core-10.1.42.jar;C:\Users\shrey\.m2\repository\org\apache\tomcat\embed\tomcat-embed-el\10.1.42\tomcat-embed-el-10.1.42.jar;C:\Users\shrey\.m2\repository\org\apache\tomcat\embed\tomcat-embed-websocket\10.1.42\tomcat-embed-websocket-10.1.42.jar;C:\Users\shrey\.m2\repository\org\springframework\spring-web\6.2.8\spring-web-6.2.8.jar;C:\Users\shrey\.m2\repository\io\micrometer\micrometer-observation\1.15.1\micrometer-observation-1.15.1.jar;C:\Users\shrey\.m2\repository\io\micrometer\micrometer-commons\1.15.1\micrometer-commons-1.15.1.jar;C:\Users\shrey\.m2\repository\org\springframework\spring-webmvc\6.2.8\spring-webmvc-6.2.8.jar;C:\Users\shrey\.m2\repository\org\springframework\spring-expression\6.2.8\spring-expression-6.2.8.jar;C:\Users\shrey\.m2\repository\org\springframework\cloud\spring-cloud-starter\4.3.0\spring-cloud-starter-4.3.0.jar;C:\Users\shrey\.m2\repository\org\springframework\cloud\spring-cloud-context\4.3.0\spring-cloud-context-4.3.0.jar;C:\Users\shrey\.m2\repository\org\springframework\security\spring-security-crypto\6.5.1\spring-security-crypto-6.5.1.jar;C:\Users\shrey\.m2\repository\org\springframework\cloud\spring-cloud-commons\4.3.0\spring-cloud-commons-4.3.0.jar;C:\Users\shrey\.m2\repository\org\bouncycastle\bcprov-jdk18on\1.80\bcprov-jdk18on-1.80.jar;C:\Users\shrey\.m2\repository\org\postgresql\postgresql\42.7.7\postgresql-42.7.7.jar;C:\Users\shrey\.m2\repository\org\checkerframework\checker-qual\3.49.3\checker-qual-3.49.3.jar;C:\Users\shrey\.m2\repository\org\projectlombok\lombok\1.18.38\lombok-1.18.38.jar;C:\Users\shrey\.m2\repository\org\springframework\cloud\spring-cloud-starter-netflix-eureka-client\4.3.0\spring-cloud-starter-netflix-eureka-client-4.3.0.jar;C:\Users\shrey\.m2\repository\org\springframework\cloud\spring-cloud-netflix-eureka-client\4.3.0\spring-cloud-netflix-eureka-client-4.3.0.jar;C:\Users\shrey\.m2\repository\org\apache\httpcomponents\client5\httpclient5\5.5\httpclient5-5.5.jar;C:\Users\shrey\.m2\repository\org\apache\httpcomponents\core5\httpcore5\5.3.4\httpcore5-5.3.4.jar;C:\Users\shrey\.m2\repository\org\apache\httpcomponents\core5\httpcore5-h2\5.3.4\httpcore5-h2-5.3.4.jar;C:\Users\shrey\.m2\repository\com\netflix\eureka\eureka-client\2.0.4\eureka-client-2.0.4.jar;C:\Users\shrey\.m2\repository\com\thoughtworks\xstream\xstream\1.4.20\xstream-1.4.20.jar;C:\Users\shrey\.m2\repository\io\github\x-stream\mxparser\1.2.2\mxparser-1.2.2.jar;C:\Users\shrey\.m2\repository\xmlpull\xmlpull\1.1.3.1\xmlpull-1.1.3.1.jar;C:\Users\shrey\.m2\repository\jakarta\ws\rs\jakarta.ws.rs-api\3.1.0\jakarta.ws.rs-api-3.1.0.jar;C:\Users\shrey\.m2\repository\com\netflix\spectator\spectator-api\1.7.3\spectator-api-1.7.3.jar;C:\Users\shrey\.m2\repository\org\apache\httpcomponents\httpclient\4.5.3\httpclient-4.5.3.jar;C:\Users\shrey\.m2\repository\org\apache\httpcomponents\httpcore\4.4.16\httpcore-4.4.16.jar;C:\Users\shrey\.m2\repository\commons-codec\commons-codec\1.18.0\commons-codec-1.18.0.jar;C:\Users\shrey\.m2\repository\commons-configuration\commons-configuration\1.10\commons-configuration-1.10.jar;C:\Users\shrey\.m2\repository\commons-lang\commons-lang\2.6\commons-lang-2.6.jar;C:\Users\shrey\.m2\repository\com\fasterxml\jackson\core\jackson-annotations\2.19.1\jackson-annotations-2.19.1.jar;C:\Users\shrey\.m2\repository\com\fasterxml\jackson\core\jackson-core\2.19.1\jackson-core-2.19.1.jar;C:\Users\shrey\.m2\repository\com\netflix\netflix-commons\netflix-eventbus\0.3.0\netflix-eventbus-0.3.0.jar;C:\Users\shrey\.m2\repository\com\netflix\netflix-commons\netflix-infix\0.3.0\netflix-infix-0.3.0.jar;C:\Users\shrey\.m2\repository\commons-jxpath\commons-jxpath\1.3\commons-jxpath-1.3.jar;C:\Users\shrey\.m2\repository\joda-time\joda-time\2.3\joda-time-2.3.jar;C:\Users\shrey\.m2\repository\org\antlr\antlr-runtime\3.4\antlr-runtime-3.4.jar;C:\Users\shrey\.m2\repository\org\antlr\stringtemplate\3.2.1\stringtemplate-3.2.1.jar;C:\Users\shrey\.m2\repository\antlr\antlr\2.7.7\antlr-2.7.7.jar;C:\Users\shrey\.m2\repository\com\google\guava\guava\14.0.1\guava-14.0.1.jar;C:\Users\shrey\.m2\repository\com\google\code\gson\gson\2.13.1\gson-2.13.1.jar;C:\Users\shrey\.m2\repository\com\google\errorprone\error_prone_annotations\2.38.0\error_prone_annotations-2.38.0.jar;C:\Users\shrey\.m2\repository\com\netflix\servo\servo-core\0.5.3\servo-core-0.5.3.jar;C:\Users\shrey\.m2\repository\org\apache\commons\commons-math\2.2\commons-math-2.2.jar;C:\Users\shrey\.m2\repository\javax\annotation\javax.annotation-api\1.2\javax.annotation-api-1.2.jar;C:\Users\shrey\.m2\repository\org\codehaus\jettison\jettison\1.5.4\jettison-1.5.4.jar;C:\Users\shrey\.m2\repository\org\springframework\cloud\spring-cloud-starter-loadbalancer\4.3.0\spring-cloud-starter-loadbalancer-4.3.0.jar;C:\Users\shrey\.m2\repository\org\springframework\cloud\spring-cloud-loadbalancer\4.3.0\spring-cloud-loadbalancer-4.3.0.jar;C:\Users\shrey\.m2\repository\io\projectreactor\reactor-core\3.7.7\reactor-core-3.7.7.jar;C:\Users\shrey\.m2\repository\org\reactivestreams\reactive-streams\1.0.4\reactive-streams-1.0.4.jar;C:\Users\shrey\.m2\repository\io\projectreactor\addons\reactor-extra\3.5.2\reactor-extra-3.5.2.jar;C:\Users\shrey\.m2\repository\org\springframework\boot\spring-boot-starter-cache\3.5.3\spring-boot-starter-cache-3.5.3.jar;C:\Users\shrey\.m2\repository\org\springframework\spring-context-support\6.2.8\spring-context-support-6.2.8.jar;C:\Users\shrey\.m2\repository\com\stoyanr\evictor\1.0.0\evictor-1.0.0.jar;C:\Users\shrey\.m2\repository\jakarta\xml\bind\jakarta.xml.bind-api\4.0.2\jakarta.xml.bind-api-4.0.2.jar;C:\Users\shrey\.m2\repository\jakarta\activation\jakarta.activation-api\2.1.3\jakarta.activation-api-2.1.3.jar;C:\Users\shrey\.m2\repository\org\springframework\spring-core\6.2.8\spring-core-6.2.8.jar;C:\Users\shrey\.m2\repository\org\springframework\spring-jcl\6.2.8\spring-jcl-6.2.8.jar
Launcher Type: SUN_STANDARD

[Global flags]
     intx CICompilerCount                          = 4                                         {product} {ergonomic}
     uint ConcGCThreads                            = 2                                         {product} {ergonomic}
     uint G1ConcRefinementThreads                  = 8                                         {product} {ergonomic}
   size_t G1HeapRegionSize                         = 1048576                                   {product} {ergonomic}
    uintx GCDrainStackTargetSize                   = 64                                        {product} {ergonomic}
   size_t InitialHeapSize                          = 130023424                                 {product} {ergonomic}
     bool ManagementServer                         = true                                      {product} {command line}
   size_t MarkStackSize                            = 4194304                                   {product} {ergonomic}
   size_t MaxHeapSize                              = 2055208960                                {product} {ergonomic}
   size_t MaxNewSize                               = 1233125376                                {product} {ergonomic}
   size_t MinHeapDeltaBytes                        = 1048576                                   {product} {ergonomic}
   size_t MinHeapSize                              = 8388608                                   {product} {ergonomic}
    uintx NonProfiledCodeHeapSize                  = 0                                      {pd product} {ergonomic}
     bool ProfileInterpreter                       = false                                  {pd product} {command line}
    uintx ProfiledCodeHeapSize                     = 0                                      {pd product} {ergonomic}
   size_t SoftMaxHeapSize                          = 2055208960                             {manageable} {ergonomic}
     intx TieredStopAtLevel                        = 1                                         {product} {command line}
     bool UseCompressedClassPointers               = true                           {product lp64_product} {ergonomic}
     bool UseCompressedOops                        = true                           {product lp64_product} {ergonomic}
     bool UseG1GC                                  = true                                      {product} {ergonomic}
     bool UseLargePagesIndividualAllocation        = false                                  {pd product} {ergonomic}

Logging:
Log output configuration:
 #0: stdout all=warning uptime,level,tags foldmultilines=false
 #1: stderr all=off uptime,level,tags foldmultilines=false

Environment Variables:
JAVA_HOME=C:\Program Files\Java\jdk-18.0.2.1
PATH=C:\Program Files\Python313\Scripts\;C:\Program Files\Python313\;C:\Program Files\Common Files\Oracle\Java\javapath;C:\WINDOWS\system32;C:\WINDOWS;C:\WINDOWS\System32\Wbem;C:\WINDOWS\System32\WindowsPowerShell\v1.0\;C:\WINDOWS\System32\OpenSSH\;C:\Program Files\Java\jdk-18.0.2.1\bin;C:\Program Files\nodejs\;C:\Program Files\dotnet\;C:\Program Files\Git\cmd;C:\Program Files\Docker\Docker\resources\bin;C:\Program Files\MySQL\MySQL Shell 8.0\bin\;C:\Program Files (x86)\Mozilla Firefox;C:\Program Files\OpenBabel-2.4.1;C:\Users\shrey\AppData\Local\Microsoft\WindowsApps;C:\MinGW\bin;C:\Users\shrey\AppData\Local\Programs\Microsoft VS Code\bin;C:\Program Files\JetBrains\IntelliJ IDEA 2023.3.2\bin;;D:\spring\apache-maven-3.9.6-bin\apache-maven-3.9.6\bin;C:\Users\shrey\AppData\Roaming\npm;C:\Users\shrey\AppData\Local\Programs\mongosh\;C:\Users\shrey\AppData\Local\Programs\cursor\resources\app\bin;
USERNAME=shrey
OS=Windows_NT
PROCESSOR_IDENTIFIER=Intel64 Family 6 Model 140 Stepping 2, GenuineIntel



---------------  S Y S T E M  ---------------

OS:
 Windows 11 , 64 bit Build 22621 (10.0.22621.5415)
OS uptime: 0 days 3:01 hours
Hyper-V role detected

CPU: total 8 (initial active 8) (4 cores per cpu, 2 threads per core) family 6 model 140 stepping 2 microcode 0x34, cx8, cmov, fxsr, ht, mmx, 3dnowpref, sse, sse2, sse3, ssse3, sse4.1, sse4.2, popcnt, lzcnt, tsc, tscinvbit, avx, avx2, aes, erms, clmul, bmi1, bmi2, adx, avx512f, avx512dq, avx512cd, avx512bw, avx512vl, sha, fma, vzeroupper, avx512_vpopcntdq, avx512_vpclmulqdq, avx512_vaes, avx512_vnni, clflush, clflushopt, clwb, avx512_vbmi2, avx512_vbmi, hv

Memory: 4k page, system-wide physical 7834M (389M free)
TotalPageFile size 19438M (AvailPageFile size 8M)
current process WorkingSet (physical memory assigned to process): 178M, peak: 178M
current process commit charge ("private bytes"): 263M, peak: 304M

vm_info: Java HotSpot(TM) 64-Bit Server VM (18.0.2.1+1-1) for windows-amd64 JRE (18.0.2.1+1-1), built on Aug 16 2022 01:46:33 by "mach5one" with MS VC++ 16.8 / 16.9 (VS2019)

END.
